[2021-09-12T18:24:40.699] [DEBUG] cheese - login => username:zhangsan,password:123456
[2021-09-12T18:24:40.701] [DEBUG] cheese - zhangsan
[2021-09-12T18:24:40.716] [DEBUG] cheese - null
[2021-09-12T18:24:40.716] [DEBUG] cheese - null
[2021-09-12T18:25:14.561] [DEBUG] cheese - login => username:admin,password:123456
[2021-09-12T18:25:14.561] [DEBUG] cheese - admin
[2021-09-12T18:25:14.564] [DEBUG] cheese - null
[2021-09-12T18:25:14.564] [DEBUG] cheese - null
[2021-09-14T19:13:35.314] [DEBUG] cheese - login => username:zssd,password:llasdfas
[2021-09-14T19:13:35.315] [DEBUG] cheese - zssd
[2021-09-14T19:13:35.346] [DEBUG] cheese - null
[2021-09-14T19:13:35.346] [DEBUG] cheese - null
[2021-09-14T19:14:36.498] [DEBUG] cheese - login => username:zszz,password:llzCXCZ
[2021-09-14T19:14:36.498] [DEBUG] cheese - zszz
[2021-09-14T19:14:36.499] [DEBUG] cheese - null
[2021-09-14T19:14:36.500] [DEBUG] cheese - null
[2021-09-14T19:17:21.491] [DEBUG] cheese - login => username:zsdd,password:llsadfasd
[2021-09-14T19:17:21.491] [DEBUG] cheese - zsdd
[2021-09-14T19:17:21.496] [DEBUG] cheese - null
[2021-09-14T19:17:21.496] [DEBUG] cheese - null
[2021-09-14T19:18:37.783] [DEBUG] cheese - login => username:zsss,password:llssssss
[2021-09-14T19:18:37.783] [DEBUG] cheese - zsss
[2021-09-14T19:18:37.785] [DEBUG] cheese - null
[2021-09-14T19:18:37.785] [DEBUG] cheese - null
[2021-09-14T19:19:10.280] [DEBUG] cheese - login => username:admin,password:123456
[2021-09-14T19:19:10.280] [DEBUG] cheese - admin
[2021-09-14T19:19:10.282] [DEBUG] cheese - null
[2021-09-14T19:19:10.283] [DEBUG] cheese - null
[2021-09-14T23:18:25.460] [DEBUG] cheese - login => username:admin,password:123456
[2021-09-14T23:18:25.460] [DEBUG] cheese - admin
[2021-09-14T23:18:25.466] [DEBUG] cheese - null
[2021-09-14T23:18:25.466] [DEBUG] cheese - null
[2021-09-14T23:20:51.777] [DEBUG] cheese - login => username:sadf,password:llsdafasd
[2021-09-14T23:20:51.777] [DEBUG] cheese - sadf
[2021-09-14T23:20:51.782] [DEBUG] cheese - null
[2021-09-14T23:20:51.782] [DEBUG] cheese - null
[2021-09-14T23:21:11.985] [DEBUG] cheese - login => username:zsss,password:llssss
[2021-09-14T23:21:11.985] [DEBUG] cheese - zsss
[2021-09-14T23:21:11.987] [DEBUG] cheese - null
[2021-09-14T23:21:11.987] [DEBUG] cheese - null
[2021-09-14T23:21:25.589] [DEBUG] cheese - login => username:zsa,password:llaaaa
[2021-09-14T23:21:25.589] [DEBUG] cheese - zsa
[2021-09-14T23:21:25.590] [DEBUG] cheese - null
[2021-09-14T23:21:25.590] [DEBUG] cheese - null
[2021-09-14T23:21:54.347] [DEBUG] cheese - login => username:zsa,password:llaaaa
[2021-09-14T23:21:54.347] [DEBUG] cheese - zsa
[2021-09-14T23:21:54.348] [DEBUG] cheese - null
[2021-09-14T23:21:54.348] [DEBUG] cheese - null
[2021-09-14T23:21:59.053] [DEBUG] cheese - login => username:zsa,password:llaaaa
[2021-09-14T23:21:59.053] [DEBUG] cheese - zsa
[2021-09-14T23:21:59.054] [DEBUG] cheese - null
[2021-09-14T23:21:59.055] [DEBUG] cheese - null
[2021-09-14T23:22:05.574] [DEBUG] cheese - login => username:admin,password:123456
[2021-09-14T23:22:05.574] [DEBUG] cheese - admin
[2021-09-14T23:22:05.575] [DEBUG] cheese - null
[2021-09-14T23:22:05.575] [DEBUG] cheese - null
[2021-09-15T21:51:47.254] [DEBUG] cheese - login => username:admin,password:123456
[2021-09-15T21:51:47.255] [DEBUG] cheese - admin
[2021-09-15T21:51:47.306] [DEBUG] cheese - null
[2021-09-15T21:51:47.307] [DEBUG] cheese - null
[2021-09-15T22:07:59.325] [DEBUG] cheese - login => username:admin,password:123456
[2021-09-15T22:07:59.325] [DEBUG] cheese - admin
[2021-09-15T22:07:59.330] [DEBUG] cheese - null
[2021-09-15T22:07:59.330] [DEBUG] cheese - null
[2021-09-15T22:15:54.782] [DEBUG] cheese - login => username:admin,password:123456
[2021-09-15T22:15:54.782] [DEBUG] cheese - admin
[2021-09-15T22:15:54.788] [DEBUG] cheese - null
[2021-09-15T22:15:54.788] [DEBUG] cheese - null
[2021-09-15T22:31:15.850] [DEBUG] cheese - login => username:admin,password:123456
[2021-09-15T22:31:15.850] [DEBUG] cheese - admin
[2021-09-15T22:31:15.855] [DEBUG] cheese - null
[2021-09-15T22:31:15.855] [DEBUG] cheese - null
[2021-09-15T22:31:57.067] [DEBUG] cheese - login => username:admin,password:123456
[2021-09-15T22:31:57.068] [DEBUG] cheese - admin
[2021-09-15T22:31:57.070] [DEBUG] cheese - null
[2021-09-15T22:31:57.070] [DEBUG] cheese - null
[2021-09-15T22:31:58.099] [DEBUG] cheese - login => username:admin,password:123456
[2021-09-15T22:31:58.099] [DEBUG] cheese - admin
[2021-09-15T22:31:58.101] [DEBUG] cheese - null
[2021-09-15T22:31:58.101] [DEBUG] cheese - null
[2021-09-15T22:32:01.141] [DEBUG] cheese - login => username:admin,password:123456
[2021-09-15T22:32:01.141] [DEBUG] cheese - admin
[2021-09-15T22:32:01.143] [DEBUG] cheese - null
[2021-09-15T22:32:01.143] [DEBUG] cheese - null
[2021-09-15T22:32:02.503] [DEBUG] cheese - login => username:admin,password:123456
[2021-09-15T22:32:02.503] [DEBUG] cheese - admin
[2021-09-15T22:32:02.504] [DEBUG] cheese - null
[2021-09-15T22:32:02.504] [DEBUG] cheese - null
[2021-09-15T22:32:32.518] [DEBUG] cheese - login => username:admin,password:123456
[2021-09-15T22:32:32.518] [DEBUG] cheese - admin
[2021-09-15T22:32:32.520] [DEBUG] cheese - null
[2021-09-15T22:32:32.520] [DEBUG] cheese - null
[2021-09-15T22:33:21.968] [DEBUG] cheese - login => username:admin,password:123456
[2021-09-15T22:33:21.968] [DEBUG] cheese - admin
[2021-09-15T22:33:21.969] [DEBUG] cheese - null
[2021-09-15T22:33:21.969] [DEBUG] cheese - null
[2021-09-16T21:37:28.525] [DEBUG] cheese - login => username:admin,password:123456
[2021-09-16T21:37:28.526] [DEBUG] cheese - admin
[2021-09-16T21:37:28.565] [DEBUG] cheese - null
[2021-09-16T21:37:28.565] [DEBUG] cheese - null
[2021-09-16T21:42:56.158] [DEBUG] cheese - login => username:admin,password:123456
[2021-09-16T21:42:56.158] [DEBUG] cheese - admin
[2021-09-16T21:42:56.166] [DEBUG] cheese - null
[2021-09-16T21:42:56.166] [DEBUG] cheese - null
[2021-09-16T23:00:26.728] [DEBUG] cheese - login => username:admin,password:123456
[2021-09-16T23:00:26.728] [DEBUG] cheese - admin
[2021-09-16T23:00:26.734] [DEBUG] cheese - null
[2021-09-16T23:00:26.734] [DEBUG] cheese - null
[2021-09-16T23:16:46.011] [DEBUG] cheese - login => username:admin,password:123456
[2021-09-16T23:16:46.011] [DEBUG] cheese - admin
[2021-09-16T23:16:46.016] [DEBUG] cheese - null
[2021-09-16T23:16:46.016] [DEBUG] cheese - null
[2021-09-16T23:17:53.289] [DEBUG] cheese - login => username:admin,password:123456
[2021-09-16T23:17:53.289] [DEBUG] cheese - admin
[2021-09-16T23:17:53.291] [DEBUG] cheese - null
[2021-09-16T23:17:53.291] [DEBUG] cheese - null
[2021-09-16T23:19:12.133] [DEBUG] cheese - login => username:admin,password:123456
[2021-09-16T23:19:12.133] [DEBUG] cheese - admin
[2021-09-16T23:19:12.135] [DEBUG] cheese - null
[2021-09-16T23:19:12.135] [DEBUG] cheese - null
[2021-09-17T19:02:29.175] [DEBUG] cheese - login => username:admin,password:123456
[2021-09-17T19:02:29.176] [DEBUG] cheese - admin
[2021-09-17T19:02:29.204] [DEBUG] cheese - null
[2021-09-17T19:02:29.205] [DEBUG] cheese - null
[2021-09-17T22:41:41.362] [DEBUG] cheese - login => username:admin,password:123456
[2021-09-17T22:41:41.363] [DEBUG] cheese - admin
[2021-09-17T22:41:41.370] [DEBUG] cheese - null
[2021-09-17T22:41:41.370] [DEBUG] cheese - null
[2021-09-17T22:41:44.105] [DEBUG] cheese - login => username:admin,password:123456
[2021-09-17T22:41:44.105] [DEBUG] cheese - admin
[2021-09-17T22:41:44.106] [DEBUG] cheese - null
[2021-09-17T22:41:44.106] [DEBUG] cheese - null
[2021-09-17T22:41:46.914] [DEBUG] cheese - login => username:admin,password:123456
[2021-09-17T22:41:46.914] [DEBUG] cheese - admin
[2021-09-17T22:41:46.916] [DEBUG] cheese - null
[2021-09-17T22:41:46.916] [DEBUG] cheese - null
[2021-09-17T22:41:51.661] [DEBUG] cheese - login => username:admin,password:123456
[2021-09-17T22:41:51.661] [DEBUG] cheese - admin
[2021-09-17T22:41:51.663] [DEBUG] cheese - null
[2021-09-17T22:41:51.663] [DEBUG] cheese - null
[2021-09-18T16:13:54.053] [DEBUG] cheese - login => username:admin,password:123456
[2021-09-18T16:13:54.054] [DEBUG] cheese - admin
[2021-09-18T16:13:54.111] [DEBUG] cheese - null
[2021-09-18T16:13:54.111] [DEBUG] cheese - null
[2021-09-18T17:12:16.843] [DEBUG] cheese - login => username:admin,password:123456
[2021-09-18T17:12:16.843] [DEBUG] cheese - admin
[2021-09-18T17:12:16.847] [DEBUG] cheese - null
[2021-09-18T17:12:16.847] [DEBUG] cheese - null
[2021-09-18T17:40:28.190] [DEBUG] cheese - login => username:admin,password:123456
[2021-09-18T17:40:28.190] [DEBUG] cheese - admin
[2021-09-18T17:40:28.191] [DEBUG] cheese - null
[2021-09-18T17:40:28.191] [DEBUG] cheese - null
[2021-09-18T17:40:41.700] [DEBUG] cheese - login => username:admin,password:123456
[2021-09-18T17:40:41.700] [DEBUG] cheese - admin
[2021-09-18T17:40:41.702] [DEBUG] cheese - null
[2021-09-18T17:40:41.702] [DEBUG] cheese - null
[2021-09-20T14:45:25.000] [DEBUG] cheese - login => username:admin,password:123456
[2021-09-20T14:45:25.001] [DEBUG] cheese - admin
[2021-09-20T14:45:25.037] [DEBUG] cheese - null
[2021-09-20T14:45:25.038] [DEBUG] cheese - null
[2021-09-21T13:35:17.142] [DEBUG] cheese - login => username:admin,password:123456
[2021-09-21T13:35:17.143] [DEBUG] cheese - admin
[2021-09-21T13:35:17.172] [DEBUG] cheese - null
[2021-09-21T13:35:17.173] [DEBUG] cheese - null
[2021-09-22T15:02:22.935] [DEBUG] cheese - login => username:admin,password:123456
[2021-09-22T15:02:22.936] [DEBUG] cheese - admin
[2021-09-22T15:02:22.988] [DEBUG] cheese - null
[2021-09-22T15:02:22.989] [DEBUG] cheese - null
[2021-09-22T17:09:59.269] [DEBUG] cheese - login => username:admin,password:123456
[2021-09-22T17:09:59.270] [DEBUG] cheese - admin
[2021-09-22T17:09:59.271] [DEBUG] cheese - null
[2021-09-22T17:09:59.271] [DEBUG] cheese - null
[2021-09-23T15:14:05.690] [DEBUG] cheese - login => username:admin,password:123456
[2021-09-23T15:14:05.691] [DEBUG] cheese - admin
[2021-09-23T15:14:05.730] [DEBUG] cheese - null
[2021-09-23T15:14:05.730] [DEBUG] cheese - null
[2021-09-23T15:22:48.797] [DEBUG] cheese - login => username:admin,password:123456
[2021-09-23T15:22:48.798] [DEBUG] cheese - admin
[2021-09-23T15:22:48.803] [DEBUG] cheese - null
[2021-09-23T15:22:48.803] [DEBUG] cheese - null
[2021-09-23T17:39:39.793] [DEBUG] cheese - login => username:admin,password:123456
[2021-09-23T17:39:39.793] [DEBUG] cheese - admin
[2021-09-23T17:39:39.794] [DEBUG] cheese - null
[2021-09-23T17:39:39.794] [DEBUG] cheese - null
[2021-09-24T17:55:02.440] [DEBUG] cheese - login => username:admin,password:123456
[2021-09-24T17:55:02.441] [DEBUG] cheese - admin
[2021-09-24T17:55:02.464] [DEBUG] cheese - null
[2021-09-24T17:55:02.465] [DEBUG] cheese - null
[2021-09-24T20:57:53.037] [DEBUG] cheese - null
[2021-09-24T20:58:26.731] [DEBUG] cheese - null
[2021-09-24T20:59:17.378] [DEBUG] cheese - null
[2021-09-24T21:01:39.721] [DEBUG] cheese - null
[2021-09-24T21:02:08.010] [DEBUG] cheese - null
[2021-09-24T21:03:41.049] [DEBUG] cheese - null
[2021-09-24T21:04:05.217] [DEBUG] cheese - null
[2021-09-24T21:06:30.436] [DEBUG] cheese - null
[2021-09-24T21:06:49.910] [DEBUG] cheese - null
[2021-09-24T21:09:53.262] [DEBUG] cheese - null
[2021-09-24T21:10:36.170] [DEBUG] cheese - null
[2021-09-24T21:12:30.770] [DEBUG] cheese - null
[2021-09-24T21:27:27.945] [DEBUG] cheese - null
[2021-09-24T21:27:34.248] [DEBUG] cheese - null
[2021-09-24T21:27:38.378] [DEBUG] cheese - null
[2021-09-24T21:34:23.165] [DEBUG] cheese - null
[2021-09-24T21:34:58.331] [DEBUG] cheese - null
[2021-09-24T21:36:32.101] [DEBUG] cheese - null
[2021-09-24T21:39:20.024] [DEBUG] cheese - null
[2021-09-24T21:40:20.320] [DEBUG] cheese - null
[2021-09-24T21:41:59.833] [DEBUG] cheese - null
[2021-09-24T21:49:45.106] [DEBUG] cheese - null
[2021-09-24T21:49:47.951] [DEBUG] cheese - null
[2021-09-24T21:50:30.606] [DEBUG] cheese - null
[2021-09-24T21:50:34.592] [DEBUG] cheese - null
[2021-09-24T21:52:40.762] [DEBUG] cheese - null
[2021-09-24T21:52:46.053] [DEBUG] cheese - null
[2021-09-24T21:52:52.657] [DEBUG] cheese - null
[2021-09-25T00:15:34.418] [DEBUG] cheese - null
[2021-09-25T00:16:03.483] [DEBUG] cheese - null
[2021-09-25T16:14:35.926] [DEBUG] cheese - login => username:admin,password:123456
[2021-09-25T16:14:35.927] [DEBUG] cheese - admin
[2021-09-25T16:14:35.956] [DEBUG] cheese - null
[2021-09-25T16:14:35.956] [DEBUG] cheese - null
[2021-09-25T18:44:35.371] [DEBUG] cheese - login => username:admin,password:123456
[2021-09-25T18:44:35.372] [DEBUG] cheese - admin
[2021-09-25T18:44:35.378] [DEBUG] cheese - null
[2021-09-25T18:44:35.379] [DEBUG] cheese - null
[2021-09-25T18:46:59.027] [DEBUG] cheese - login => username:admin,password:123456
[2021-09-25T18:46:59.028] [DEBUG] cheese - admin
[2021-09-25T18:46:59.035] [DEBUG] cheese - null
[2021-09-25T18:46:59.035] [DEBUG] cheese - null
[2021-09-27T02:34:28.210] [DEBUG] cheese - login => username:admin,password:123456
[2021-09-27T02:34:28.211] [DEBUG] cheese - admin
[2021-09-27T02:34:28.261] [DEBUG] cheese - null
[2021-09-27T02:34:28.262] [DEBUG] cheese - null
[2021-09-27T11:38:20.373] [DEBUG] cheese - login => username:admin,password:123456
[2021-09-27T11:38:20.374] [DEBUG] cheese - admin
[2021-09-27T11:38:20.415] [DEBUG] cheese - null
[2021-09-27T11:38:20.415] [DEBUG] cheese - null
[2021-09-27T12:30:49.393] [DEBUG] cheese - login => username:admin,password:123456
[2021-09-27T12:30:49.394] [DEBUG] cheese - admin
[2021-09-27T12:30:49.399] [DEBUG] cheese - null
[2021-09-27T12:30:49.399] [DEBUG] cheese - null
[2021-09-27T12:31:49.522] [DEBUG] cheese - login => username:admin,password:123456
[2021-09-27T12:31:49.522] [DEBUG] cheese - admin
[2021-09-27T12:31:49.523] [DEBUG] cheese - null
[2021-09-27T12:31:49.523] [DEBUG] cheese - null
